1
                                         HYPO71PC FOR AUTO GIANT                        



 ***** PROGRAM: HYPO71PC (Version 1: 11/29/85) *****


             TEST(1)  TEST(2)  TEST(3)  TEST(4)  TEST(5)  TEST(6)  TEST(7)  TEST(8)  TEST(9) TEST(10) TEST(11) TEST(12) TEST(13)
 STANDARD    0.1000  10.0000   2.0000   0.0500   5.0000   4.0000  -0.8700   2.0000   0.0035 100.0000   8.0000   0.5000   1.0000
 RESET TO    0.1000  10.0000   2.0000   0.0500   5.0000   4.0000  -0.8700   2.0000   0.0035 100.0000  20.0000   0.5000   1.0000

    L     STN     LAT     LONG    ELV DELAY     FMGC  XMGC KL  PRR  CALR IC      DATE HRMN
    1    CALL 3754.20S  7131.85W 1007  0.00     0.00   0.00 0 0.00   0.00 0          0   0
    2    COPA 3757.30S  7114.61W 1194  0.00     0.00   0.00 0 0.00   0.00 0          0   0
    3    MAYA 3759.54S  7127.54W  937  0.00     0.00   0.00 0 0.00   0.00 0          0   0
    4    COP2 38 1.96S  7118.35W  942  0.00     0.00   0.00 0 0.00   0.00 0          0   0
    5    TOL1 3822.35S  7140.69W 1381  0.00     0.00   0.00 0 0.00   0.00 0          0   0
    6    LONQ 3823.34S  7133.92W 2005  0.00     0.00   0.00 0 0.00   0.00 0          0   0
    7    MANZ 3827.72S  7141.00W 1000  0.00     0.00   0.00 0 0.00   0.00 0          0   0
    8    ML02 3545.76S  7125.09W  237  0.00     0.00   0.00 0 0.00   0.00 0          0   0
    9    BI02 3639.80S  7116.39W  913  0.00     0.00   0.00 0 0.00   0.00 0          0   0
   10    BI04 3824.70S  7353.17W   41  0.00     0.00   0.00 0 0.00   0.00 0          0   0
   11    BI05 3644.87S  7311.43W   52  0.00     0.00   0.00 0 0.00   0.00 0          0   0
   12    LR03 3937.93S  7220.74W  253  0.00     0.00   0.00 0 0.00   0.00 0          0   0



       CRUSTAL MODEL 1
     VELOCITY     DEPTH
        4.390     0.000
        5.390     3.000
        5.970     6.000
        6.200     9.000
        6.330    12.000
        6.430    15.000
        6.560    18.000
        6.880    24.000
        7.140    30.000
        7.660    36.000
        8.020    42.000
        8.100    50.000



KS Z XNEAR XFAR  POS   IQ  KMS  KFM IPUN IMAG   IR IPRN CODE   LATR      LONR
 0 35. 500. 999. 1.73    2    1   18    0    1    0    100011   0  0.00   0  0.00
1

                               HYPO71PC FOR AUTO GIANT                                                         19/ 9/30    19:21

                                                             ADJUSTMENTS (KM)  PARTIAL F-VALUES  STANDARD ERRORS  ADJUSTMENTS TAKEN
  I  ORIG  LAT S    LONG W   DEPTH  DM  RMS AVRPS SKD   CF   DLAT  DLON    DZ  DLAT  DLON    DZ  DLAT  DLON    DZ  DLAT  DLON    DZ
  1 23.66 37-57.40  71-14.71 35.00*  016.85  0.00 D0D  2.00  0.00******  0.00  0.22  6.46 -1.00  0.00100.64  0.00  0.00-85.28  0.00
  2 17.56 37-57.40  70-16.49 35.00  8513.30 -5.59 D0D  2.00  0.00  0.00******  0.90 -1.00999.99  0.00  0.00 17.99  0.00  0.00 -4.98
  3 11.69 37-57.40  70-16.49 30.02* 8513.19  0.15 D0D  2.00  0.00******  0.00  0.33999.99 -1.00  0.00  6.87  0.00  0.00-79.74  0.00
  4 59.01 37-57.40  69-22.05 30.02 16510.25  0.95 D0D  2.00  0.00  0.00******  1.23 -1.00999.99  0.00  0.00 14.35  0.00  0.00 -4.99
  5 59.59 37-57.40  69-22.05 25.03 16510.14 -0.06 D0D  2.00  0.00  0.00******  1.23 -1.00999.99  0.00  0.00 12.26  0.00  0.00 -4.99
  6 59.10 37-57.40  69-22.05 20.04 16510.02 -0.06 D0D  2.00  0.00  0.00******  1.23 -1.00999.99  0.00  0.00 10.44  0.00  0.00 -4.95
  7 58.54 37-57.40  69-22.05 15.09*165 9.88 -0.01 D0D  2.00184.10******  0.00  3.29390.13  0.00101.44 13.10  0.00 61.37-86.26  0.00
  8 45.95 38-30.57  68-23.16 15.09 258 6.39 -0.67 D0D  2.00  0.00  0.00****** -1.00  0.63762.09  0.00  0.00  8.40  0.00  0.00 -4.94
  9 44.75 38-30.57  68-23.16 10.15 258 6.24 -0.03 D0D  2.00  0.00  0.00****** -1.00  0.65728.17  0.00  0.00  7.63  0.00  0.00 -4.90
 10 44.14 38-30.57  68-23.16  5.25 258 6.08 -0.06 D0D  2.00  0.00  0.00****** -1.00  0.65690.38  0.00  0.00  5.68  0.00  0.00 -4.98
 11 43.29 38-30.57  68-23.16  0.27 258 5.83 -0.17 D0D  2.00  0.00  0.00****** -1.00  0.65635.43  0.00  0.00  4.10  0.00  0.00 -0.13
 12 43.09 38-30.57  68-23.16  0.13*258 5.83  0.00 D0D  2.00  0.00******  0.00  1.10532.25 -1.00  0.00  7.07  0.00  0.00-81.55  0.00
 13 31.70 38-30.57  67-27.06  0.13 338 2.90 -0.12 D0D  2.00  0.00  0.00-50.58 -1.00  1.94153.67  0.00  0.00  4.08  0.00  0.00 -0.07
 14 31.57 38-30.57  67-27.06  0.07*338 2.90  0.00 D0D  2.00  0.00-80.98  0.00  1.03121.01 -1.00  0.00  7.36  0.00  0.00-80.98  0.00
 15 20.18 38-30.57  66-31.36  0.07 418 0.40 -0.03 D3D  0.50  0.00  1.21  0.00 -1.00  0.04 -1.00  0.00  6.07  0.00  0.00  0.00  0.00
 15 20.15 38-30.57  66-31.36  0.07 418 0.40  0.00 D2D  2.00  0.00************ -1.00  0.55  0.55  0.00************  0.00  0.00  0.00


  DATE    ORIGIN    LAT S    LONG W    DEPTH    MAG NO DM GAP M  RMS  ERH  ERZ Q SQD  ADJ IN NR  AVR  AAR NM AVXM SDXM NF AVFM SDFM I
 190930 1920 20.15 38-30.57  66-31.36   0.07         5418 358 1 0.40********** D D|D80.98 10  5 0.00 0.31  0  0.0  0.0  0  0.0  0.015

  STN  DIST AZM AIN PRMK HRMN P-SEC TPOBS TPCAL DLY/H1 P-RES P-WT AMX PRX CALX K XMAG RMK FMP FMAG SRMK S-SEC TSOBS S-RES  S-WT    DT
 COPA 417.9 278  33 IP_1 1921 19.80 59.65 59.60  0.00  0.06  0.92   0  0  0.00 0                                                     
 COP2 421.9 277  33 IP_1 1921 20.44 60.29 60.09  0.00  0.20  0.92   0  0  0.00 0                                                     
 MAYA 435.9 278  33 IP_0 1921 21.36 61.21 61.82  0.00 -0.61  1.12   0  0  0.00 0                                                     
 CALL 443.8 279  33 IP_1 1921 23.60 63.45 62.79  0.00  0.66  0.82   0  0  0.00 0                   IS_0 68.70108.55 -0.08   1.2      
1 ***** CLASS:     A     B     C     D TOTAL *****

       NUMBER:   0.0   0.0   0.0   1.0   1.0

            %:   0.0   0.0   0.0 100.0



          TRAVELTIME RESIDUALS (MODEL=1)     TRAVELTIME RESIDUALS (MODEL=2)     X-MAGNITUDE RESIDUALS      F-MAGNITUDE RESIDUALS
 STATION   NRES    SRWT   AVRES   SDRES       NRES    SRWT   AVRES   SDRES        NXM    AVXM    SDXM        NFM    AVFM    SDFM
    CALL      0    0.00    0.00    0.00          0    0.00    0.00    0.00          0    0.00    0.00          0    0.00    0.00
    COPA      0    0.00    0.00    0.00          0    0.00    0.00    0.00          0    0.00    0.00          0    0.00    0.00
    MAYA      0    0.00    0.00    0.00          0    0.00    0.00    0.00          0    0.00    0.00          0    0.00    0.00
    COP2      0    0.00    0.00    0.00          0    0.00    0.00    0.00          0    0.00    0.00          0    0.00    0.00
    TOL1      0    0.00    0.00    0.00          0    0.00    0.00    0.00          0    0.00    0.00          0    0.00    0.00
    LONQ      0    0.00    0.00    0.00          0    0.00    0.00    0.00          0    0.00    0.00          0    0.00    0.00
    MANZ      0    0.00    0.00    0.00          0    0.00    0.00    0.00          0    0.00    0.00          0    0.00    0.00
    ML02      0    0.00    0.00    0.00          0    0.00    0.00    0.00          0    0.00    0.00          0    0.00    0.00
    BI02      0    0.00    0.00    0.00          0    0.00    0.00    0.00          0    0.00    0.00          0    0.00    0.00
    BI04      0    0.00    0.00    0.00          0    0.00    0.00    0.00          0    0.00    0.00          0    0.00    0.00
    BI05      0    0.00    0.00    0.00          0    0.00    0.00    0.00          0    0.00    0.00          0    0.00    0.00
    LR03      0    0.00    0.00    0.00          0    0.00    0.00    0.00          0    0.00    0.00          0    0.00    0.00
